#-----------------------------------------------------------
# Vivado v2020.2 (64-bit)
# SW Build 3064766 on Wed Nov 18 09:12:45 MST 2020
# IP Build 3064653 on Wed Nov 18 14:17:31 MST 2020
# Start of session at: Wed Jan 13 14:36:47 2021
# Process ID: 21388
# Current directory: C:/Users/robdj/Documents/RMIT_2021/CAP_STONE/RGB_LED_SUITE
# Command line: vivado.exe -gui_launcher_event rodinguilauncherevent7460 C:\Users\robdj\Documents\RMIT_2021\CAP_STONE\RGB_LED_SUITE\RGB_LED_SUITE.xpr
# Log file: C:/Users/robdj/Documents/RMIT_2021/CAP_STONE/RGB_LED_SUITE/vivado.log
# Journal file: C:/Users/robdj/Documents/RMIT_2021/CAP_STONE/RGB_LED_SUITE\vivado.jou
#-----------------------------------------------------------
start_gui
open_project C:/Users/robdj/Documents/RMIT_2021/CAP_STONE/RGB_LED_SUITE/RGB_LED_SUITE.xpr
WARNING: [filemgmt 56-3] Default IP Output Path : Could not find the directory 'C:/Users/robdj/Documents/RMIT_2021/CAP_STONE/RGB_LED_SUITE/RGB_LED_SUITE.gen/sources_1'.
Scanning sources...
Finished scanning sources
INFO: [IP_Flow 19-234] Refreshing IP repositories
INFO: [IP_Flow 19-1704] No user IP repositories specified
INFO: [IP_Flow 19-2313] Loaded Vivado IP repository 'C:/Xilinx/Vivado/2020.2/data/ip'.
open_project: Time (s): cpu = 00:00:22 ; elapsed = 00:00:09 . Memory (MB): peak = 1010.758 ; gain = 0.000
update_compile_order -fileset sources_1
set_property top blink [current_fileset]
update_compile_order -fileset sources_1
reset_run synth_1
launch_runs synth_1 -jobs 4
[Wed Jan 13 14:38:34 2021] Launched synth_1...
Run output will be captured here: C:/Users/robdj/Documents/RMIT_2021/CAP_STONE/RGB_LED_SUITE/RGB_LED_SUITE.runs/synth_1/runme.log
