********************************************************************************
* Unified simulation Tcl App stack trace dump
*
* File: .usf.tcl_error.log (Tue Jan 19 11:49:59 2021)
*
* This file is generated by the unified simulation automation and contains the
* tcl stack trace of error returned by the simulator App for the current run.
*
********************************************************************************

    while executing
"get_files -quiet -all [list "[lindex $filelist end]"]"
    (procedure "xcs_get_top_library" line 26)
    invoked from within
"xcs_get_top_library $a_sim_vars(s_simulation_flow) $a_sim_vars(sp_tcl_obj) $fs_obj $a_sim_vars(src_mgmt_mode) $a_sim_vars(default_top_library)"
    (procedure "usf_xsim_get_top_level_instance_names" line 10)
    invoked from within
"usf_xsim_get_top_level_instance_names"
    (procedure "usf_xsim_get_xelab_cmdline_args" line 399)
    invoked from within
"usf_xsim_get_xelab_cmdline_args"
    (procedure "usf_xsim_write_elaborate_script" line 117)
    invoked from within
"usf_xsim_write_elaborate_script scr_filename"
    (procedure "tclapp::xilinx::xsim::elaborate" line 10)
    invoked from within
"tclapp::xilinx::xsim::elaborate { -simset sim_1 -mode behavioral -run_dir C:/Users/robdj/Documents/RMIT_2021/CAP_STONE/RGB_LED_SUITE/RGB_LED_SUITE.sim..."
